2015-04-25 17:40:31-0700 [scrapy] INFO: Scrapy 0.24.4 started (bot: playoffs)
2015-04-25 17:40:31-0700 [scrapy] INFO: Optional features available: ssl, http11
2015-04-25 17:40:31-0700 [scrapy] INFO: Overridden settings: {'NEWSPIDER_MODULE': 'playoffs.spiders', 'SPIDER_MODULES': ['playoffs.spiders'], 'LOG_FILE': 'logs/15.04.25 17:40:31.log', 'USER_AGENT': 'HockeyML (+http://www.hockeyml.com)', 'BOT_NAME': 'playoffs'}
2015-04-25 17:40:31-0700 [scrapy] INFO: Enabled extensions: LogStats, TelnetConsole, CloseSpider, WebService, CoreStats, SpiderState
2015-04-25 17:40:31-0700 [scrapy] INFO: Enabled downloader middlewares: HttpAuthMiddleware, DownloadTimeoutMiddleware, UserAgentMiddleware, RetryMiddleware, DefaultHeadersMiddleware, MetaRefreshMiddleware, HttpCompressionMiddleware, RedirectMiddleware, CookiesMiddleware, ChunkedTransferMiddleware, DownloaderStats
2015-04-25 17:40:31-0700 [scrapy] INFO: Enabled spider middlewares: HttpErrorMiddleware, OffsiteMiddleware, RefererMiddleware, UrlLengthMiddleware, DepthMiddleware
2015-04-25 17:40:32-0700 [scrapy] INFO: Enabled item pipelines: PlayerPipeline
2015-04-25 17:40:32-0700 [schedule] INFO: Spider opened
2015-04-25 17:40:32-0700 [schedule] INFO: Crawled 0 pages (at 0 pages/min), scraped 0 items (at 0 items/min)
2015-04-25 17:40:32-0700 [scrapy] DEBUG: Telnet console listening on 127.0.0.1:6023
2015-04-25 17:40:32-0700 [scrapy] DEBUG: Web service listening on 127.0.0.1:6080
2015-04-25 17:40:42-0700 [schedule] DEBUG: Crawled (200) <GET http://www.nhl.com/ice/schedulebyseason.htm?season=20132014&gameType=2&team=&network=&venue=> (referer: None)
2015-04-25 17:40:42-0700 [schedule] DEBUG: Scraped from <200 http://www.nhl.com/ice/schedulebyseason.htm?season=20132014&gameType=2&team=&network=&venue=>
	{'away': u'TOR',
	 'away_score': u'4',
	 'date': u'2013-10-01',
	 'home': u'MTL',
	 'home_score': u'3',
	 'result': u'REG',
	 'season': u'2014'}
2015-04-25 17:40:42-0700 [schedule] DEBUG: Scraped from <200 http://www.nhl.com/ice/schedulebyseason.htm?season=20132014&gameType=2&team=&network=&venue=>
	{'away': u'WSH',
	 'away_score': u'4',
	 'date': u'2013-10-01',
	 'home': u'CHI',
	 'home_score': u'6',
	 'result': u'REG',
	 'season': u'2014'}
2015-04-25 17:40:42-0700 [schedule] DEBUG: Scraped from <200 http://www.nhl.com/ice/schedulebyseason.htm?season=20132014&gameType=2&team=&network=&venue=>
	{'away': u'WPG',
	 'away_score': u'5',
	 'date': u'2013-10-01',
	 'home': u'EDM',
	 'home_score': u'4',
	 'result': u'REG',
	 'season': u'2014'}
2015-04-25 17:40:42-0700 [schedule] DEBUG: Scraped from <200 http://www.nhl.com/ice/schedulebyseason.htm?season=20132014&gameType=2&team=&network=&venue=>
	{'away': u'TOR',
	 'away_score': u'3',
	 'date': u'2013-10-02',
	 'home': u'PHI',
	 'home_score': u'1',
	 'result': u'REG',
	 'season': u'2014'}
2015-04-25 17:40:42-0700 [schedule] DEBUG: Scraped from <200 http://www.nhl.com/ice/schedulebyseason.htm?season=20132014&gameType=2&team=&network=&venue=>
	{'away': u'BUF',
	 'away_score': u'1',
	 'date': u'2013-10-02',
	 'home': u'DET',
	 'home_score': u'2',
	 'result': u'REG',
	 'season': u'2014'}
2015-04-25 17:40:42-0700 [schedule] DEBUG: Scraped from <200 http://www.nhl.com/ice/schedulebyseason.htm?season=20132014&gameType=2&team=&network=&venue=>
	{'away': u'ANA',
	 'away_score': u'1',
	 'date': u'2013-10-02',
	 'home': u'COL',
	 'home_score': u'6',
	 'result': u'REG',
	 'season': u'2014'}
2015-04-25 17:40:42-0700 [schedule] DEBUG: Scraped from <200 http://www.nhl.com/ice/schedulebyseason.htm?season=20132014&gameType=2&team=&network=&venue=>
	{'away': u'TBL',
	 'away_score': u'1',
	 'date': u'2013-10-03',
	 'home': u'BOS',
	 'home_score': u'3',
	 'result': u'REG',
	 'season': u'2014'}
2015-04-25 17:40:42-0700 [schedule] DEBUG: Scraped from <200 http://www.nhl.com/ice/schedulebyseason.htm?season=20132014&gameType=2&team=&network=&venue=>
	{'away': u'NJD',
	 'away_score': u'0',
	 'date': u'2013-10-03',
	 'home': u'PIT',
	 'home_score': u'3',
	 'result': u'REG',
	 'season': u'2014'}
2015-04-25 17:40:42-0700 [schedule] DEBUG: Scraped from <200 http://www.nhl.com/ice/schedulebyseason.htm?season=20132014&gameType=2&team=&network=&venue=>
	{'away': u'CGY',
	 'away_score': u'4',
	 'date': u'2013-10-03',
	 'home': u'WSH',
	 'home_score': u'5',
	 'result': u'SO',
	 'season': u'2014'}
2015-04-25 17:40:42-0700 [schedule] DEBUG: Scraped from <200 http://www.nhl.com/ice/schedulebyseason.htm?season=20132014&gameType=2&team=&network=&venue=>
	{'away': u'LAK',
	 'away_score': u'3',
	 'date': u'2013-10-03',
	 'home': u'MIN',
	 'home_score': u'2',
	 'result': u'SO',
	 'season': u'2014'}
2015-04-25 17:40:42-0700 [schedule] DEBUG: Scraped from <200 http://www.nhl.com/ice/schedulebyseason.htm?season=20132014&gameType=2&team=&network=&venue=>
	{'away': u'NSH',
	 'away_score': u'2',
	 'date': u'2013-10-03',
	 'home': u'STL',
	 'home_score': u'4',
	 'result': u'REG',
	 'season': u'2014'}
2015-04-25 17:40:42-0700 [schedule] DEBUG: Scraped from <200 http://www.nhl.com/ice/schedulebyseason.htm?season=20132014&gameType=2&team=&network=&venue=>
	{'away': u'FLA',
	 'away_score': u'4',
	 'date': u'2013-10-03',
	 'home': u'DAL',
	 'home_score': u'2',
	 'result': u'REG',
	 'season': u'2014'}
2015-04-25 17:40:42-0700 [schedule] ERROR: Spider error processing <GET http://www.nhl.com/ice/schedulebyseason.htm?season=20132014&gameType=2&team=&network=&venue=>
	Traceback (most recent call last):
	  File "/home/joecken/.virtualenvs/scrapy/local/lib/python2.7/site-packages/twisted/internet/base.py", line 824, in runUntilCurrent
	    call.func(*call.args, **call.kw)
	  File "/home/joecken/.virtualenvs/scrapy/local/lib/python2.7/site-packages/twisted/internet/task.py", line 638, in _tick
	    taskObj._oneWorkUnit()
	  File "/home/joecken/.virtualenvs/scrapy/local/lib/python2.7/site-packages/twisted/internet/task.py", line 484, in _oneWorkUnit
	    result = next(self._iterator)
	  File "/home/joecken/.virtualenvs/scrapy/local/lib/python2.7/site-packages/scrapy/utils/defer.py", line 57, in <genexpr>
	    work = (callable(elem, *args, **named) for elem in iterable)
	--- <exception caught here> ---
	  File "/home/joecken/.virtualenvs/scrapy/local/lib/python2.7/site-packages/scrapy/utils/defer.py", line 96, in iter_errback
	    yield next(it)
	  File "/home/joecken/.virtualenvs/scrapy/local/lib/python2.7/site-packages/scrapy/contrib/spidermiddleware/offsite.py", line 26, in process_spider_output
	    for x in result:
	  File "/home/joecken/.virtualenvs/scrapy/local/lib/python2.7/site-packages/scrapy/contrib/spidermiddleware/referer.py", line 22, in <genexpr>
	    return (_set_referer(r) for r in result or ())
	  File "/home/joecken/.virtualenvs/scrapy/local/lib/python2.7/site-packages/scrapy/contrib/spidermiddleware/urllength.py", line 33, in <genexpr>
	    return (r for r in result or () if _filter(r))
	  File "/home/joecken/.virtualenvs/scrapy/local/lib/python2.7/site-packages/scrapy/contrib/spidermiddleware/depth.py", line 50, in <genexpr>
	    return (r for r in result or () if _filter(r))
	  File "/home/joecken/workspace/NHL_playoffs/playoffs/playoffs/spiders/game_spider.py", line 53, in parse
	    home = row.xpath('td[3]/a[1]/@rel').extract()[0]
	exceptions.IndexError: list index out of range
	
2015-04-25 17:40:42-0700 [schedule] INFO: Closing spider (finished)
2015-04-25 17:40:42-0700 [schedule] INFO: Dumping Scrapy stats:
	{'downloader/request_bytes': 284,
	 'downloader/request_count': 1,
	 'downloader/request_method_count/GET': 1,
	 'downloader/response_bytes': 98959,
	 'downloader/response_count': 1,
	 'downloader/response_status_count/200': 1,
	 'finish_reason': 'finished',
	 'finish_time': datetime.datetime(2015, 4, 26, 0, 40, 42, 695158),
	 'item_scraped_count': 12,
	 'log_count/DEBUG': 15,
	 'log_count/ERROR': 1,
	 'log_count/INFO': 7,
	 'response_received_count': 1,
	 'scheduler/dequeued': 1,
	 'scheduler/dequeued/memory': 1,
	 'scheduler/enqueued': 1,
	 'scheduler/enqueued/memory': 1,
	 'spider_exceptions/IndexError': 1,
	 'start_time': datetime.datetime(2015, 4, 26, 0, 40, 32, 214057)}
2015-04-25 17:40:42-0700 [schedule] INFO: Spider closed (finished)
